<?xml version="1.0" encoding="UTF-8"?>
<!-- Generated by org.testng.reporters.JUnitXMLReporter -->
<testsuite ignored="0" hostname="LAPTOP-HNMOG848" failures="0" tests="3" name="Default test" time="42.941" errors="0" timestamp="2021-03-13T19:56:04 IST">
  <testcase classname="RurbanCoTestAutomation.RurbancoTest.AdminLoginPageTest" name="LoginPageTitlePage" time="0.023"/>
  <testcase classname="RurbanCoTestAutomation.RurbancoTest.AdminLoginPageTest" name="logo" time="0.097"/>
  <testcase classname="RurbanCoTestAutomation.RurbancoTest.AdminLoginPageTest" name="LoginTest" time="0.406"/>
</testsuite> <!-- Default test -->
